4
20 19
0 1
0 4
5 16
0 18
9 15
9 14
4 7
8 15
3 10
3 13
3 16
12 15
7 9
7 17
7 19
2 11
16 19
2 19
6 9
100 101
0 1
0 2
40 98
81 99
35 98
76 99
30 98
71 99
25 98
66 99
20 98
61 99
15 98
56 99
97 99
10 98
51 99
92 99
5 98
46 98
87 99
0 98
41 98
82 99
36 98
77 99
31 98
72 99
26 98
67 99
21 98
62 99
16 98
57 99
98 99
11 98
52 99
93 99
6 98
47 98
88 99
42 98
83 99
37 98
78 99
32 98
73 99
27 98
48 50
68 99
22 98
63 99
17 98
58 99
12 98
53 99
94 99
7 98
48 98
89 99
43 98
84 99
38 98
79 99
33 98
74 99
28 98
69 99
23 98
64 99
18 98
59 99
13 98
54 99
95 99
8 98
49 98
90 99
3 98
44 98
85 99
39 98
80 99
34 98
75 99
29 98
50 51
70 99
24 98
65 99
19 98
60 99
14 98
55 99
96 99
9 98
50 99
91 99
4 98
45 98
86 99
100 103
0 1
0 2
0 3
0 4
0 5
0 6
0 7
0 8
0 9
0 10
0 11
0 12
0 13
0 14
0 15
0 16
0 17
0 18
0 19
0 20
0 21
0 22
0 23
0 24
0 25
0 26
0 27
0 28
0 29
0 30
0 31
0 32
0 33
0 34
0 35
61 99
56 99
97 99
51 99
46 99
0 99
41 99
36 99
40 99
62 99
57 99
98 99
52 99
47 99
42 99
37 99
63 64
58 99
53 99
48 99
43 99
38 99
64 65
64 66
64 67
64 68
64 69
64 70
64 71
64 72
64 73
64 74
64 75
64 76
64 77
64 78
64 79
64 80
64 81
64 82
64 83
64 84
64 85
64 86
64 87
64 88
64 89
64 90
64 91
64 92
64 93
64 94
64 99
59 99
54 99
95 99
49 99
44 99
39 99
65 95
65 96
65 97
65 98
60 99
55 99
96 99
50 99
45 99
94 93
0 1
81 93
0 3
0 5
0 6
35 92
0 9
0 10
0 11
0 12
0 13
0 14
0 16
0 18
0 19
0 20
0 22
0 23
71 91
0 26
0 29
0 30
25 92
0 33
66 91
0 36
0 38
0 41
0 43
0 44
0 47
0 48
0 49
0 53
0 55
0 56
0 57
0 58
0 59
15 91
0 61
51 93
92 93
87 88
46 93
82 93
31 92
72 91
67 91
21 92
62 91
57 93
52 93
88 89
88 93
42 92
78 79
83 93
37 92
78 93
32 92
73 91
27 92
68 91
63 91
17 92
7 91
2 91
84 93
69 70
74 91
28 92
69 91
64 91
54 93
8 91
90 93
85 93
39 92
75 76
80 93
34 92
75 91
24 92
65 91
60 93
50 93
91 92
4 91
45 92
86 93
40 92
76 77
