5
80 99
0 33
1 3
2 75
3 18
3 25
3 32
3 41
3 42
3 71
3 77
3 86
3 91
3 92
4 71
5 63
6 34
6 48
6 50
6 60
6 83
7 26
7 57
7 62
7 75
8 21
8 27
8 44
8 81
9 74
10 21
11 22
12 32
13 21
14 63
15 42
16 63
17 18
18 36
18 40
18 43
18 46
18 61
18 72
18 73
18 95
19 74
20 75
21 47
21 54
21 59
21 63
21 65
21 66
21 75
22 23
22 53
22 58
22 63
22 74
22 79
22 88
22 93
22 97
24 54
28 71
29 74
30 63
31 34
32 78
32 85
33 54
33 96
34 52
34 63
35 54
37 42
38 54
39 91
42 89
45 91
47 51
47 87
48 82
48 85
49 74
54 70
54 84
54 90
55 63
56 74
63 94
63 98
64 75
67 85
68 74
69 74
75 80
76 91
91 99
82 99
0 42
1 12
2 12
3 95
4 64
5 53
6 67
7 61
8 56
9 12
10 91
11 79
12 35
12 70
12 79
12 82
12 83
12 85
13 63
14 79
15 56
16 79
17 63
18 61
19 83
20 43
21 83
22 67
23 53
24 61
25 64
26 99
27 99
28 42
29 95
30 63
31 61
32 68
33 56
34 61
36 79
37 43
38 83
39 79
40 43
41 95
42 53
42 67
43 50
43 56
43 54
43 61
43 64
43 68
43 69
43 93
44 67
45 67
46 65
47 63
48 95
49 64
51 67
52 61
53 65
55 56
56 58
56 59
56 70
56 91
56 94
57 61
60 79
61 81
61 87
62 63
63 68
63 88
64 78
64 80
64 86
65 99
66 68
67 92
68 77
68 95
68 97
70 73
70 96
71 79
72 79
74 92
75 79
76 83
83 98
84 95
89 95
90 95
91 99
85 99
0 34
1 71
2 39
2 44
2 63
2 96
3 52
4 52
5 78
6 71
7 11
8 96
9 68
10 96
11 12
11 15
11 50
13 34
14 96
15 41
15 56
15 59
15 63
15 69
15 71
15 78
15 85
16 63
17 34
18 32
19 53
20 34
21 68
22 53
23 97
24 25
24 52
24 63
24 76
24 81
26 63
27 32
28 78
29 63
30 68
31 52
32 43
32 49
32 68
32 70
32 74
33 53
34 42
34 47
34 68
34 83
34 86
34 88
35 68
36 78
37 53
38 96
40 96
45 63
46 53
48 53
51 63
52 61
52 65
52 72
52 98
53 67
53 73
53 84
53 96
54 78
55 68
57 68
58 96
60 78
62 79
63 68
63 79
64 68
66 78
71 82
71 87
71 90
71 93
71 92
71 95
75 97
77 96
78 89
78 99
79 97
80 96
91 97
94 96
83 99
0 61
1 40
2 33
3 11
3 17
3 31
3 39
3 71
3 88
3 95
4 61
5 6
6 53
6 61
6 62
6 67
6 93
7 33
8 46
9 48
10 76
12 61
13 46
14 40
15 89
16 44
18 33
19 76
20 46
21 62
22 46
23 61
24 65
25 76
26 59
27 59
28 62
29 48
30 61
32 65
33 46
33 47
34 59
35 40
36 48
37 46
38 72
40 98
40 89
41 65
42 91
43 48
44 52
44 54
44 73
44 79
44 84
44 87
44 85
44 91
45 61
46 62
46 64
46 76
48 49
48 51
48 59
48 69
48 80
48 83
48 96
50 76
55 67
56 89
57 89
58 76
59 62
60 65
61 82
61 86
61 91
61 99
62 65
62 66
62 70
62 71
62 74
63 76
65 81
65 89
68 71
71 75
71 92
72 89
72 94
76 90
76 78
76 77
89 97
85 99
0 70
1 72
2 51
3 72
4 7
5 18
5 23
5 45
5 47
5 51
5 67
5 74
5 88
5 94
5 7
6 30
6 42
6 49
6 54
6 64
6 68
6 71
6 84
6 86
6 95
7 38
7 46
7 48
7 50
7 53
7 80
7 98
7 99
8 40
9 22
10 29
10 35
10 59
10 75
10 12
10 17
11 51
12 13
12 31
12 34
12 37
12 40
12 52
12 57
12 90
12 93
13 16
13 25
13 44
13 66
13 77
13 82
13 91
13 92
14 70
15 57
19 72
20 40
21 31
22 51
22 97
24 40
26 49
27 88
28 70
31 49
31 73
31 88
32 40
33 88
36 57
39 51
40 43
40 60
40 63
40 79
41 49
51 55
51 69
51 70
51 72
56 70
57 61
57 81
57 96
58 72
62 70
65 88
70 76
70 78
72 85
72 87
72 89
83 88
