94 93
0 1
0 3
0 5
0 6
0 9
0 10
0 11
0 12
0 13
0 14
0 16
0 18
0 19
0 20
0 22
0 23
0 26
0 29
0 30
0 33
0 36
0 38
0 41
0 43
0 44
0 47
0 48
0 49
0 53
0 55
0 56
0 57
0 58
0 59
0 61
2 91
4 91
7 91
8 91
15 91
17 92
21 92
24 92
25 92
27 92
28 92
31 92
32 92
34 92
35 92
37 92
39 92
40 92
42 92
45 92
46 93
50 93
51 93
52 93
54 93
57 93
60 93
62 91
63 91
64 91
65 91
66 91
67 91
68 91
69 70
69 91
71 91
72 91
73 91
74 91
75 76
75 91
76 77
78 79
78 93
80 93
81 93
82 93
83 93
84 93
85 93
86 93
87 88
88 89
88 93
90 93
91 92
92 93
